<?xml version="1.0" encoding="UTF-8"?>
<testng-results ignored="0" total="1" passed="1" failed="0" skipped="0">
  <reporter-output>
  </reporter-output>
  <suite started-at="2020-03-10T18:22:10 EDT" name="Default suite" finished-at="2020-03-10T18:22:37 EDT" duration-ms="27286">
    <groups>
    </groups>
    <test started-at="2020-03-10T18:22:10 EDT" name="Default test" finished-at="2020-03-10T18:22:37 EDT" duration-ms="27286">
      <class name="test.Medical">
        <test-method signature="createPatient()[pri:0, instance:test.Medical@358c99f5]" started-at="2020-03-10T18:22:10 EDT" name="createPatient" finished-at="2020-03-10T18:22:37 EDT" duration-ms="27258" status="PASS">
          <reporter-output>
          </reporter-output>
        </test-method> <!-- createPatient -->
      </class> <!-- test.Medical -->
    </test> <!-- Default test -->
  </suite> <!-- Default suite -->
</testng-results>
